#
# There is insufficient memory for the Java Runtime Environment to continue.
# Native memory allocation (malloc) failed to allocate 32744 bytes for ChunkPool::allocate
# Possible reasons:
#   The system is out of physical RAM or swap space
#   The process is running with CompressedOops enabled, and the Java Heap may be blocking the growth of the native heap
# Possible solutions:
#   Reduce memory load on the system
#   Increase physical memory or swap space
#   Check if swap backing store is full
#   Decrease Java heap size (-Xmx/-Xms)
#   Decrease number of Java threads
#   Decrease Java thread stack sizes (-Xss)
#   Set larger code cache with -XX:ReservedCodeCacheSize=
#   JVM is running with Zero Based Compressed Oops mode in which the Java heap is
#     placed in the first 32GB address space. The Java Heap base address is the
#     maximum limit for the native heap growth. Please use -XX:HeapBaseMinAddress
#     to set the Java Heap base and to place the Java Heap above 32GB virtual address.
# This output file may be truncated or incomplete.
#
#  Out of Memory Error (./open/src/hotspot/share/memory/arena.cpp:81), pid=148, tid=14068
#
# JRE version: Java(TM) SE Runtime Environment 18.9 (11.0.10+8) (build 11.0.10+8-LTS-162)
# Java VM: Java HotSpot(TM) 64-Bit Server VM 18.9 (11.0.10+8-LTS-162, mixed mode, tiered, compressed oops, g1 gc, windows-amd64)
# No core dump will be written. Minidumps are not enabled by default on client versions of Windows
#

---------------  S U M M A R Y ------------

Command Line: -agentlib:jdwp=transport=dt_socket,address=127.0.0.1:56655,suspend=y,server=n -javaagent:C:\Users\opah\AppData\Local\JetBrains\IdeaIC2020.3\captureAgent\debugger-agent.jar -Dfile.encoding=UTF-8 com.stoom.StoomApplication

Host: Intel(R) Core(TM) i7-8565U CPU @ 1.80GHz, 8 cores, 15G,  Windows 10 , 64 bit Build 19041 (10.0.19041.1202)
Time: Fri Oct 22 15:14:47 2021 Hora oficial do Brasil elapsed time: 7.016515 seconds (0d 0h 0m 7s)

---------------  T H R E A D  ---------------

Current thread (0x0000023c72ac6000):  JavaThread "restartedMain" [_thread_in_vm, id=14068, stack(0x0000007f56c00000,0x0000007f56d00000)]

Stack: [0x0000007f56c00000,0x0000007f56d00000]
Native frames: (J=compiled Java code, j=interpreted, Vv=VM code, C=native code)
V  [jvm.dll+0x613e6a]
V  [jvm.dll+0x74c1ff]
V  [jvm.dll+0x74d885]
V  [jvm.dll+0x74df03]
V  [jvm.dll+0x243b78]
V  [jvm.dll+0xba66b]
V  [jvm.dll+0xba9cc]
V  [jvm.dll+0x73a107]
V  [jvm.dll+0x352532]
V  [jvm.dll+0x35172a]
V  [jvm.dll+0x3516c8]
V  [jvm.dll+0x35f6d3]
C  0x0000023c563ae0ff

Java frames: (J=compiled Java code, j=interpreted, Vv=VM code)
j  org.springframework.beans.factory.support.SimpleInstantiationStrategy.instantiate(Lorg/springframework/beans/factory/support/RootBeanDefinition;Ljava/lang/String;Lorg/springframework/beans/factory/BeanFactory;Ljava/lang/Object;Ljava/lang/reflect/Method;[Ljava/lang/Object;)Ljava/lang/Object;+60
j  org.springframework.beans.factory.support.ConstructorResolver.instantiate(Ljava/lang/String;Lorg/springframework/beans/factory/support/RootBeanDefinition;Ljava/lang/Object;Ljava/lang/reflect/Method;[Ljava/lang/Object;)Ljava/lang/Object;+48
j  org.springframework.beans.factory.support.ConstructorResolver.instantiateUsingFactoryMethod(Ljava/lang/String;Lorg/springframework/beans/factory/support/RootBeanDefinition;[Ljava/lang/Object;)Lorg/springframework/beans/BeanWrapper;+1519
J 4534 c1 org.springframework.beans.factory.support.AbstractAutowireCapableBeanFactory.createBeanInstance(Ljava/lang/String;Lorg/springframework/beans/factory/support/RootBeanDefinition;[Ljava/lang/Object;)Lorg/springframework/beans/BeanWrapper; (253 bytes) @ 0x0000023c5741018c [0x0000023c5740f7a0+0x00000000000009ec]
j  org.springframework.beans.factory.support.AbstractAutowireCapableBeanFactory.doCreateBean(Ljava/lang/String;Lorg/springframework/beans/factory/support/RootBeanDefinition;[Ljava/lang/Object;)Ljava/lang/Object;+34
j  org.springframework.beans.factory.support.AbstractAutowireCapableBeanFactory.createBean(Ljava/lang/String;Lorg/springframework/beans/factory/support/RootBeanDefinition;[Ljava/lang/Object;)Ljava/lang/Object;+169
j  org.springframework.beans.factory.support.AbstractBeanFactory.lambda$doGetBean$0(Ljava/lang/String;Lorg/springframework/beans/factory/support/RootBeanDefinition;[Ljava/lang/Object;)Ljava/lang/Object;+4
j  org.springframework.beans.factory.support.AbstractBeanFactory$$Lambda$216.getObject()Ljava/lang/Object;+16
j  org.springframework.beans.factory.support.DefaultSingletonBeanRegistry.getSingleton(Ljava/lang/String;Lorg/springframework/beans/factory/ObjectFactory;)Ljava/lang/Object;+132
J 3237 c1 org.springframework.beans.factory.support.AbstractBeanFactory.doGetBean(Ljava/lang/String;Ljava/lang/Class;[Ljava/lang/Object;Z)Ljava/lang/Object; (874 bytes) @ 0x0000023c5702af7c [0x0000023c57029620+0x000000000000195c]
J 4444 c1 org.springframework.beans.factory.support.AbstractBeanFactory.getBean(Ljava/lang/String;)Ljava/lang/Object; (9 bytes) @ 0x0000023c573d676c [0x0000023c573d6640+0x000000000000012c]
j  org.springframework.beans.factory.support.DefaultListableBeanFactory.preInstantiateSingletons()V+248
j  org.springframework.context.support.AbstractApplicationContext.finishBeanFactoryInitialization(Lorg/springframework/beans/factory/config/ConfigurableListableBeanFactory;)V+124
j  org.springframework.context.support.AbstractApplicationContext.refresh()V+54
j  org.springframework.boot.web.servlet.context.ServletWebServerApplicationContext.refresh()V+1
j  org.springframework.boot.SpringApplication.refresh(Lorg/springframework/context/ConfigurableApplicationContext;)V+1
j  org.springframework.boot.SpringApplication.refresh(Lorg/springframework/context/ApplicationContext;)V+11
j  org.springframework.boot.SpringApplication.refreshContext(Lorg/springframework/context/ConfigurableApplicationContext;)V+2
j  org.springframework.boot.SpringApplication.run([Ljava/lang/String;)Lorg/springframework/context/ConfigurableApplicationContext;+118
j  org.springframework.boot.SpringApplication.run([Ljava/lang/Class;[Ljava/lang/String;)Lorg/springframework/context/ConfigurableApplicationContext;+9
j  org.springframework.boot.SpringApplication.run(Ljava/lang/Class;[Ljava/lang/String;)Lorg/springframework/context/ConfigurableApplicationContext;+9
j  com.stoom.StoomApplication.main([Ljava/lang/String;)V+3
v  ~StubRoutines::call_stub
j  jdk.internal.reflect.NativeMethodAccessorImpl.invoke0(Ljava/lang/reflect/Method;Ljava/lang/Object;[Ljava/lang/Object;)Ljava/lang/Object;+0 java.base@11.0.10
j  jdk.internal.reflect.NativeMethodAccessorImpl.invoke(Ljava/lang/Object;[Ljava/lang/Object;)Ljava/lang/Object;+100 java.base@11.0.10
j  jdk.internal.reflect.DelegatingMethodAccessorImpl.invoke(Ljava/lang/Object;[Ljava/lang/Object;)Ljava/lang/Object;+6 java.base@11.0.10
j  java.lang.reflect.Method.invoke(Ljava/lang/Object;[Ljava/lang/Object;)Ljava/lang/Object;+59 java.base@11.0.10
j  org.springframework.boot.devtools.restart.RestartLauncher.run()V+42
v  ~StubRoutines::call_stub

---------------  P R O C E S S  ---------------

Threads class SMR info:
_java_thread_list=0x0000023c75e1c970, length=24, elements={
0x0000023c4c6f3000, 0x0000023c71fa0800, 0x0000023c71fa2000, 0x0000023c71fc9800,
0x0000023c71fca800, 0x0000023c71fcc800, 0x0000023c728b2800, 0x0000023c728b3000,
0x0000023c72a34800, 0x0000023c72d66000, 0x0000023c72d67000, 0x0000023c72b7c000,
0x0000023c72e9e800, 0x0000023c73a0c000, 0x0000023c72ac6000, 0x0000023c72a58800,
0x0000023c785cd800, 0x0000023c76f24800, 0x0000023c7a248000, 0x0000023c785dc000,
0x0000023c7a1f0800, 0x0000023c7a181800, 0x0000023c79a70800, 0x0000023c7ac7b000
}

Java Threads: ( => current thread )
  0x0000023c4c6f3000 JavaThread "main" [_thread_blocked, id=16224, stack(0x0000007f55000000,0x0000007f55100000)]
  0x0000023c71fa0800 JavaThread "Reference Handler" daemon [_thread_blocked, id=5400, stack(0x0000007f55700000,0x0000007f55800000)]
  0x0000023c71fa2000 JavaThread "Finalizer" daemon [_thread_blocked, id=14740, stack(0x0000007f55800000,0x0000007f55900000)]
  0x0000023c71fc9800 JavaThread "Signal Dispatcher" daemon [_thread_blocked, id=16248, stack(0x0000007f55900000,0x0000007f55a00000)]
  0x0000023c71fca800 JavaThread "Attach Listener" daemon [_thread_blocked, id=15844, stack(0x0000007f55a00000,0x0000007f55b00000)]
  0x0000023c71fcc800 JavaThread "C2 CompilerThread0" daemon [_thread_in_native, id=11616, stack(0x0000007f55b00000,0x0000007f55c00000)]
  0x0000023c728b2800 JavaThread "C1 CompilerThread0" daemon [_thread_blocked, id=10680, stack(0x0000007f55c00000,0x0000007f55d00000)]
  0x0000023c728b3000 JavaThread "Sweeper thread" daemon [_thread_blocked, id=1356, stack(0x0000007f55d00000,0x0000007f55e00000)]
  0x0000023c72a34800 JavaThread "Common-Cleaner" daemon [_thread_blocked, id=9320, stack(0x0000007f55e00000,0x0000007f55f00000)]
  0x0000023c72d66000 JavaThread "JDWP Transport Listener: dt_socket" daemon [_thread_blocked, id=5960, stack(0x0000007f56000000,0x0000007f56100000)]
  0x0000023c72d67000 JavaThread "JDWP Event Helper Thread" daemon [_thread_blocked, id=9368, stack(0x0000007f56100000,0x0000007f56200000)]
  0x0000023c72b7c000 JavaThread "JDWP Command Reader" daemon [_thread_in_native, id=16056, stack(0x0000007f56200000,0x0000007f56300000)]
  0x0000023c72e9e800 JavaThread "Service Thread" daemon [_thread_blocked, id=3196, stack(0x0000007f56300000,0x0000007f56400000)]
  0x0000023c73a0c000 JavaThread "Thread-0" [_thread_blocked, id=14920, stack(0x0000007f56b00000,0x0000007f56c00000)]
=>0x0000023c72ac6000 JavaThread "restartedMain" [_thread_in_vm, id=14068, stack(0x0000007f56c00000,0x0000007f56d00000)]
  0x0000023c72a58800 JavaThread "C2 CompilerThread1" daemon [_thread_in_native, id=9236, stack(0x0000007f55f00000,0x0000007f56000000)]
  0x0000023c785cd800 JavaThread "C2 CompilerThread2" daemon [_thread_in_native, id=5792, stack(0x0000007f56500000,0x0000007f56600000)]
  0x0000023c76f24800 JavaThread "HikariPool-1 housekeeper" daemon [_thread_blocked, id=14548, stack(0x0000007f56d00000,0x0000007f56e00000)]
  0x0000023c7a248000 JavaThread "Catalina-utility-1" [_thread_blocked, id=8596, stack(0x0000007f57100000,0x0000007f57200000)]
  0x0000023c785dc000 JavaThread "Catalina-utility-2" [_thread_blocked, id=1156, stack(0x0000007f57200000,0x0000007f57300000)]
  0x0000023c7a1f0800 JavaThread "container-0" [_thread_blocked, id=9896, stack(0x0000007f57300000,0x0000007f57400000)]
  0x0000023c7a181800 JavaThread "HikariPool-1 connection adder" daemon [_thread_blocked, id=13332, stack(0x0000007f57400000,0x0000007f57500000)]
  0x0000023c79a70800 JavaThread "task-1" [_thread_in_vm, id=10100, stack(0x0000007f57500000,0x0000007f57600000)]
  0x0000023c7ac7b000 JavaThread "Live Reload Server" daemon [_thread_in_native, id=2588, stack(0x0000007f57700000,0x0000007f57800000)]

Other Threads:
  0x0000023c71f9e800 VMThread "VM Thread" [stack: 0x0000007f55600000,0x0000007f55700000] [id=3336]
  0x0000023c72f38800 WatcherThread [stack: 0x0000007f56400000,0x0000007f56500000] [id=6220]
  0x0000023c4c707800 GCTaskThread "GC Thread#0" [stack: 0x0000007f55100000,0x0000007f55200000] [id=4492]
  0x0000023c738c2800 GCTaskThread "GC Thread#1" [stack: 0x0000007f56600000,0x0000007f56700000] [id=11588]
  0x0000023c7324a800 GCTaskThread "GC Thread#2" [stack: 0x0000007f56700000,0x0000007f56800000] [id=6028]
  0x0000023c738d7800 GCTaskThread "GC Thread#3" [stack: 0x0000007f56800000,0x0000007f56900000] [id=16232]
  0x0000023c7377e800 GCTaskThread "GC Thread#4" [stack: 0x0000007f56900000,0x0000007f56a00000] [id=9588]
  0x0000023c738c6800 GCTaskThread "GC Thread#5" [stack: 0x0000007f56a00000,0x0000007f56b00000] [id=3476]
  0x0000023c73dcd800 GCTaskThread "GC Thread#6" [stack: 0x0000007f56e00000,0x0000007f56f00000] [id=13796]
  0x0000023c73b30000 GCTaskThread "GC Thread#7" [stack: 0x0000007f56f00000,0x0000007f57000000] [id=6536]
  0x0000023c4c765000 ConcurrentGCThread "G1 Main Marker" [stack: 0x0000007f55200000,0x0000007f55300000] [id=10956]
  0x0000023c4c766000 ConcurrentGCThread "G1 Conc#0" [stack: 0x0000007f55300000,0x0000007f55400000] [id=2968]
  0x0000023c7323b000 ConcurrentGCThread "G1 Conc#1" [stack: 0x0000007f57000000,0x0000007f57100000] [id=11640]
  0x0000023c71e8a000 ConcurrentGCThread "G1 Refine#0" [stack: 0x0000007f55400000,0x0000007f55500000] [id=11648]
  0x0000023c71e8b000 ConcurrentGCThread "G1 Young RemSet Sampling" [stack: 0x0000007f55500000,0x0000007f55600000] [id=4132]

Threads with active compile tasks:
C2 CompilerThread0   7040 4192   !   4       jdk.internal.loader.BuiltinClassLoader::loadClassOrNull (143 bytes)
C2 CompilerThread1   7040 4332       4       org.springframework.core.annotation.TypeMappedAnnotations::get (52 bytes)
C2 CompilerThread2   7040 4364       4       org.springframework.beans.factory.support.AbstractBeanFactory::isTypeMatch (607 bytes)

VM state:not at safepoint (normal execution)

VM Mutex/Monitor currently owned by a thread: None

Heap address: 0x0000000703000000, size: 4048 MB, Compressed Oops mode: Zero based, Oop shift amount: 3
Narrow klass base: 0x0000000800000000, Narrow klass shift: 0
Compressed class space size: 1073741824 Address: 0x0000000800000000

Heap:
 garbage-first heap   total 260096K, used 105789K [0x0000000703000000, 0x0000000800000000)
  region size 1024K, 98 young (100352K), 12 survivors (12288K)
 Metaspace       used 56090K, capacity 57331K, committed 57600K, reserved 1099776K
  class space    used 6805K, capacity 7298K, committed 7424K, reserved 1048576K
Heap Regions: E=young(eden), S=young(survivor), O=old, HS=humongous(starts), HC=humongous(continues), CS=collection set, F=free, A=archive, TAMS=top-at-mark-start (previous, next)
|   0|0x0000000703000000, 0x0000000703100000, 0x0000000703100000|100%|HS|  |TAMS 0x0000000703100000, 0x0000000703000000| Complete 
|   1|0x0000000703100000, 0x0000000703200000, 0x0000000703200000|100%| O|  |TAMS 0x0000000703200000, 0x0000000703100000| Untracked 
|   2|0x0000000703200000, 0x0000000703300000, 0x0000000703300000|100%| O|  |TAMS 0x0000000703300000, 0x0000000703200000| Untracked 
|   3|0x0000000703300000, 0x0000000703400000, 0x0000000703400000|100%| O|  |TAMS 0x00000007033c3e00, 0x0000000703300000| Untracked 
|   4|0x0000000703400000, 0x0000000703500000, 0x0000000703500000|100%| O|  |TAMS 0x0000000703400000, 0x0000000703400000| Untracked 
|   5|0x0000000703500000, 0x0000000703600000, 0x0000000703600000|100%| O|  |TAMS 0x0000000703500000, 0x0000000703500000| Untracked 
|   6|0x0000000703600000, 0x0000000703681c00, 0x0000000703700000| 50%| O|  |TAMS 0x0000000703600000, 0x0000000703600000| Untracked 
|   7|0x0000000703700000, 0x0000000703700000, 0x0000000703800000|  0%| F|  |TAMS 0x0000000703700000, 0x0000000703700000| Untracked 
|   8|0x0000000703800000, 0x0000000703800000, 0x0000000703900000|  0%| F|  |TAMS 0x0000000703800000, 0x0000000703800000| Untracked 
|   9|0x0000000703900000, 0x0000000703900000, 0x0000000703a00000|  0%| F|  |TAMS 0x0000000703900000, 0x0000000703900000| Untracked 
|  10|0x0000000703a00000, 0x0000000703a00000, 0x0000000703b00000|  0%| F|  |TAMS 0x0000000703a00000, 0x0000000703a00000| Untracked 
|  11|0x0000000703b00000, 0x0000000703b00000, 0x0000000703c00000|  0%| F|  |TAMS 0x0000000703b00000, 0x0000000703b00000| Untracked 
|  12|0x0000000703c00000, 0x0000000703c00000, 0x0000000703d00000|  0%| F|  |TAMS 0x0000000703c00000, 0x0000000703c00000| Untracked 
|  13|0x0000000703d00000, 0x0000000703d00000, 0x0000000703e00000|  0%| F|  |TAMS 0x0000000703d00000, 0x0000000703d00000| Untracked 
|  14|0x0000000703e00000, 0x0000000703e00000, 0x0000000703f00000|  0%| F|  |TAMS 0x0000000703e00000, 0x0000000703e00000| Untracked 
|  15|0x0000000703f00000, 0x0000000703f00000, 0x0000000704000000|  0%| F|  |TAMS 0x0000000703f00000, 0x0000000703f00000| Untracked 
|  16|0x0000000704000000, 0x0000000704000000, 0x0000000704100000|  0%| F|  |TAMS 0x0000000704000000, 0x0000000704000000| Untracked 
|  17|0x0000000704100000, 0x0000000704100000, 0x0000000704200000|  0%| F|  |TAMS 0x0000000704100000, 0x0000000704100000| Untracked 
|  18|0x0000000704200000, 0x0000000704200000, 0x0000000704300000|  0%| F|  |TAMS 0x0000000704200000, 0x0000000704200000| Untracked 
|  19|0x0000000704300000, 0x0000000704300000, 0x0000000704400000|  0%| F|  |TAMS 0x0000000704300000, 0x0000000704300000| Untracked 
|  20|0x0000000704400000, 0x0000000704400000, 0x0000000704500000|  0%| F|  |TAMS 0x0000000704400000, 0x0000000704400000| Untracked 
|  21|0x0000000704500000, 0x0000000704500000, 0x0000000704600000|  0%| F|  |TAMS 0x0000000704500000, 0x0000000704500000| Untracked 
|  22|0x0000000704600000, 0x0000000704600000, 0x0000000704700000|  0%| F|  |TAMS 0x0000000704600000, 0x0000000704600000| Untracked 
|  23|0x0000000704700000, 0x0000000704700000, 0x0000000704800000|  0%| F|  |TAMS 0x0000000704700000, 0x0000000704700000| Untracked 
|  24|0x0000000704800000, 0x0000000704800000, 0x0000000704900000|  0%| F|  |TAMS 0x0000000704800000, 0x0000000704800000| Untracked 
|  25|0x0000000704900000, 0x0000000704900000, 0x0000000704a00000|  0%| F|  |TAMS 0x0000000704900000, 0x0000000704900000| Untracked 
|  26|0x0000000704a00000, 0x0000000704a00000, 0x0000000704b00000|  0%| F|  |TAMS 0x0000000704a00000, 0x0000000704a00000| Untracked 
|  27|0x0000000704b00000, 0x0000000704b00000, 0x0000000704c00000|  0%| F|  |TAMS 0x0000000704b00000, 0x0000000704b00000| Untracked 
|  28|0x0000000704c00000, 0x0000000704c00000, 0x0000000704d00000|  0%| F|  |TAMS 0x0000000704c00000, 0x0000000704c00000| Untracked 
|  29|0x0000000704d00000, 0x0000000704d00000, 0x0000000704e00000|  0%| F|  |TAMS 0x0000000704d00000, 0x0000000704d00000| Untracked 
|  30|0x0000000704e00000, 0x0000000704e00000, 0x0000000704f00000|  0%| F|  |TAMS 0x0000000704e00000, 0x0000000704e00000| Untracked 
|  31|0x0000000704f00000, 0x0000000704f00000, 0x0000000705000000|  0%| F|  |TAMS 0x0000000704f00000, 0x0000000704f00000| Untracked 
|  32|0x0000000705000000, 0x0000000705000000, 0x0000000705100000|  0%| F|  |TAMS 0x0000000705000000, 0x0000000705000000| Untracked 
|  33|0x0000000705100000, 0x0000000705100000, 0x0000000705200000|  0%| F|  |TAMS 0x0000000705100000, 0x0000000705100000| Untracked 
|  34|0x0000000705200000, 0x0000000705200000, 0x0000000705300000|  0%| F|  |TAMS 0x0000000705200000, 0x0000000705200000| Untracked 
|  35|0x0000000705300000, 0x0000000705300000, 0x0000000705400000|  0%| F|  |TAMS 0x0000000705300000, 0x0000000705300000| Untracked 
|  36|0x0000000705400000, 0x0000000705400000, 0x0000000705500000|  0%| F|  |TAMS 0x0000000705400000, 0x0000000705400000| Untracked 
|  37|0x0000000705500000, 0x0000000705500000, 0x0000000705600000|  0%| F|  |TAMS 0x0000000705500000, 0x0000000705500000| Untracked 
|  38|0x0000000705600000, 0x0000000705600000, 0x0000000705700000|  0%| F|  |TAMS 0x0000000705600000, 0x0000000705600000| Untracked 
|  39|0x0000000705700000, 0x0000000705700000, 0x0000000705800000|  0%| F|  |TAMS 0x0000000705700000, 0x0000000705700000| Untracked 
|  40|0x0000000705800000, 0x0000000705800000, 0x0000000705900000|  0%| F|  |TAMS 0x0000000705800000, 0x0000000705800000| Untracked 
|  41|0x0000000705900000, 0x0000000705900000, 0x0000000705a00000|  0%| F|  |TAMS 0x0000000705900000, 0x0000000705900000| Untracked 
|  42|0x0000000705a00000, 0x0000000705a00000, 0x0000000705b00000|  0%| F|  |TAMS 0x0000000705a00000, 0x0000000705a00000| Untracked 
|  43|0x0000000705b00000, 0x0000000705b00000, 0x0000000705c00000|  0%| F|  |TAMS 0x0000000705b00000, 0x0000000705b00000| Untracked 
|  44|0x0000000705c00000, 0x0000000705c00000, 0x0000000705d00000|  0%| F|  |TAMS 0x0000000705c00000, 0x0000000705c00000| Untracked 
|  45|0x0000000705d00000, 0x0000000705d00000, 0x0000000705e00000|  0%| F|  |TAMS 0x0000000705d00000, 0x0000000705d00000| Untracked 
|  46|0x0000000705e00000, 0x0000000705e00000, 0x0000000705f00000|  0%| F|  |TAMS 0x0000000705e00000, 0x0000000705e00000| Untracked 
|  47|0x0000000705f00000, 0x0000000705f00000, 0x0000000706000000|  0%| F|  |TAMS 0x0000000705f00000, 0x0000000705f00000| Untracked 
|  48|0x0000000706000000, 0x0000000706000000, 0x0000000706100000|  0%| F|  |TAMS 0x0000000706000000, 0x0000000706000000| Untracked 
|  49|0x0000000706100000, 0x0000000706100000, 0x0000000706200000|  0%| F|  |TAMS 0x0000000706100000, 0x0000000706100000| Untracked 
|  50|0x0000000706200000, 0x0000000706200000, 0x0000000706300000|  0%| F|  |TAMS 0x0000000706200000, 0x0000000706200000| Untracked 
|  51|0x0000000706300000, 0x0000000706300000, 0x0000000706400000|  0%| F|  |TAMS 0x0000000706300000, 0x0000000706300000| Untracked 
|  52|0x0000000706400000, 0x0000000706400000, 0x0000000706500000|  0%| F|  |TAMS 0x0000000706400000, 0x0000000706400000| Untracked 
|  53|0x0000000706500000, 0x0000000706500000, 0x0000000706600000|  0%| F|  |TAMS 0x0000000706500000, 0x0000000706500000| Untracked 
|  54|0x0000000706600000, 0x0000000706600000, 0x0000000706700000|  0%| F|  |TAMS 0x0000000706600000, 0x0000000706600000| Untracked 
|  55|0x0000000706700000, 0x0000000706700000, 0x0000000706800000|  0%| F|  |TAMS 0x0000000706700000, 0x0000000706700000| Untracked 
|  56|0x0000000706800000, 0x0000000706800000, 0x0000000706900000|  0%| F|  |TAMS 0x0000000706800000, 0x0000000706800000| Untracked 
|  57|0x0000000706900000, 0x0000000706900000, 0x0000000706a00000|  0%| F|  |TAMS 0x0000000706900000, 0x0000000706900000| Untracked 
|  58|0x0000000706a00000, 0x0000000706a00000, 0x0000000706b00000|  0%| F|  |TAMS 0x0000000706a00000, 0x0000000706a00000| Untracked 
|  59|0x0000000706b00000, 0x0000000706b00000, 0x0000000706c00000|  0%| F|  |TAMS 0x0000000706b00000, 0x0000000706b00000| Untracked 
|  60|0x0000000706c00000, 0x0000000706c00000, 0x0000000706d00000|  0%| F|  |TAMS 0x0000000706c00000, 0x0000000706c00000| Untracked 
|  61|0x0000000706d00000, 0x0000000706d00000, 0x0000000706e00000|  0%| F|  |TAMS 0x0000000706d00000, 0x0000000706d00000| Untracked 
|  62|0x0000000706e00000, 0x0000000706e00000, 0x0000000706f00000|  0%| F|  |TAMS 0x0000000706e00000, 0x0000000706e00000| Untracked 
|  63|0x0000000706f00000, 0x0000000706f00000, 0x0000000707000000|  0%| F|  |TAMS 0x0000000706f00000, 0x0000000706f00000| Untracked 
|  64|0x0000000707000000, 0x0000000707000000, 0x0000000707100000|  0%| F|  |TAMS 0x0000000707000000, 0x0000000707000000| Untracked 
|  65|0x0000000707100000, 0x0000000707100000, 0x0000000707200000|  0%| F|  |TAMS 0x0000000707100000, 0x0000000707100000| Untracked 
|  66|0x0000000707200000, 0x0000000707200000, 0x0000000707300000|  0%| F|  |TAMS 0x0000000707200000, 0x0000000707200000| Untracked 
|  67|0x0000000707300000, 0x0000000707300000, 0x0000000707400000|  0%| F|  |TAMS 0x0000000707300000, 0x0000000707300000| Untracked 
|  68|0x0000000707400000, 0x0000000707400000, 0x0000000707500000|  0%| F|  |TAMS 0x0000000707400000, 0x0000000707400000| Untracked 
|  69|0x0000000707500000, 0x0000000707500000, 0x0000000707600000|  0%| F|  |TAMS 0x0000000707500000, 0x0000000707500000| Untracked 
|  70|0x0000000707600000, 0x0000000707600000, 0x0000000707700000|  0%| F|  |TAMS 0x0000000707600000, 0x0000000707600000| Untracked 
|  71|0x0000000707700000, 0x0000000707700000, 0x0000000707800000|  0%| F|  |TAMS 0x0000000707700000, 0x0000000707700000| Untracked 
|  72|0x0000000707800000, 0x0000000707800000, 0x0000000707900000|  0%| F|  |TAMS 0x0000000707800000, 0x0000000707800000| Untracked 
|  73|0x0000000707900000, 0x0000000707900000, 0x0000000707a00000|  0%| F|  |TAMS 0x0000000707900000, 0x0000000707900000| Untracked 
|  74|0x0000000707a00000, 0x0000000707a00000, 0x0000000707b00000|  0%| F|  |TAMS 0x0000000707a00000, 0x0000000707a00000| Untracked 
|  75|0x0000000707b00000, 0x0000000707b00000, 0x0000000707c00000|  0%| F|  |TAMS 0x0000000707b00000, 0x0000000707b00000| Untracked 
|  76|0x0000000707c00000, 0x0000000707c00000, 0x0000000707d00000|  0%| F|  |TAMS 0x0000000707c00000, 0x0000000707c00000| Untracked 
|  77|0x0000000707d00000, 0x0000000707d00000, 0x0000000707e00000|  0%| F|  |TAMS 0x0000000707d00000, 0x0000000707d00000| Untracked 
|  78|0x0000000707e00000, 0x0000000707e00000, 0x0000000707f00000|  0%| F|  |TAMS 0x0000000707e00000, 0x0000000707e00000| Untracked 
|  79|0x0000000707f00000, 0x0000000707f00000, 0x0000000708000000|  0%| F|  |TAMS 0x0000000707f00000, 0x0000000707f00000| Untracked 
|  80|0x0000000708000000, 0x0000000708000000, 0x0000000708100000|  0%| F|  |TAMS 0x0000000708000000, 0x0000000708000000| Untracked 
|  81|0x0000000708100000, 0x0000000708100000, 0x0000000708200000|  0%| F|  |TAMS 0x0000000708100000, 0x0000000708100000| Untracked 
|  82|0x0000000708200000, 0x0000000708200000, 0x0000000708300000|  0%| F|  |TAMS 0x0000000708200000, 0x0000000708200000| Untracked 
|  83|0x0000000708300000, 0x0000000708300000, 0x0000000708400000|  0%| F|  |TAMS 0x0000000708300000, 0x0000000708300000| Untracked 
|  84|0x0000000708400000, 0x0000000708400000, 0x0000000708500000|  0%| F|  |TAMS 0x0000000708400000, 0x0000000708400000| Untracked 
|  85|0x0000000708500000, 0x0000000708500000, 0x0000000708600000|  0%| F|  |TAMS 0x0000000708500000, 0x0000000708500000| Untracked 
|  86|0x0000000708600000, 0x0000000708600000, 0x0000000708700000|  0%| F|  |TAMS 0x0000000708600000, 0x0000000708600000| Untracked 
|  87|0x0000000708700000, 0x0000000708700000, 0x0000000708800000|  0%| F|  |TAMS 0x0000000708700000, 0x0000000708700000| Untracked 
|  88|0x0000000708800000, 0x0000000708800000, 0x0000000708900000|  0%| F|  |TAMS 0x0000000708800000, 0x0000000708800000| Untracked 
|  89|0x0000000708900000, 0x0000000708900000, 0x0000000708a00000|  0%| F|  |TAMS 0x0000000708900000, 0x0000000708900000| Untracked 
|  90|0x0000000708a00000, 0x0000000708acdbc0, 0x0000000708b00000| 80%| S|CS|TAMS 0x0000000708a00000, 0x0000000708a00000| Complete 
|  91|0x0000000708b00000, 0x0000000708c00000, 0x0000000708c00000|100%| S|CS|TAMS 0x0000000708b00000, 0x0000000708b00000| Complete 
|  92|0x0000000708c00000, 0x0000000708d00000, 0x0000000708d00000|100%| S|CS|TAMS 0x0000000708c00000, 0x0000000708c00000| Complete 
|  93|0x0000000708d00000, 0x0000000708e00000, 0x0000000708e00000|100%| S|CS|TAMS 0x0000000708d00000, 0x0000000708d00000| Complete 
|  94|0x0000000708e00000, 0x0000000708f00000, 0x0000000708f00000|100%| S|CS|TAMS 0x0000000708e00000, 0x0000000708e00000| Complete 
|  95|0x0000000708f00000, 0x0000000709000000, 0x0000000709000000|100%| S|CS|TAMS 0x0000000708f00000, 0x0000000708f00000| Complete 
|  96|0x0000000709000000, 0x0000000709100000, 0x0000000709100000|100%| S|CS|TAMS 0x0000000709000000, 0x0000000709000000| Complete 
|  97|0x0000000709100000, 0x0000000709200000, 0x0000000709200000|100%| S|CS|TAMS 0x0000000709100000, 0x0000000709100000| Complete 
|  98|0x0000000709200000, 0x0000000709300000, 0x0000000709300000|100%| S|CS|TAMS 0x0000000709200000, 0x0000000709200000| Complete 
|  99|0x0000000709300000, 0x0000000709400000, 0x0000000709400000|100%| S|CS|TAMS 0x0000000709300000, 0x0000000709300000| Complete 
| 100|0x0000000709400000, 0x0000000709500000, 0x0000000709500000|100%| S|CS|TAMS 0x0000000709400000, 0x0000000709400000| Complete 
| 101|0x0000000709500000, 0x0000000709600000, 0x0000000709600000|100%| S|CS|TAMS 0x0000000709500000, 0x0000000709500000| Complete 
| 102|0x0000000709600000, 0x0000000709600000, 0x0000000709700000|  0%| F|  |TAMS 0x0000000709600000, 0x0000000709600000| Untracked 
| 103|0x0000000709700000, 0x0000000709700000, 0x0000000709800000|  0%| F|  |TAMS 0x0000000709700000, 0x0000000709700000| Untracked 
| 104|0x0000000709800000, 0x0000000709800000, 0x0000000709900000|  0%| F|  |TAMS 0x0000000709800000, 0x0000000709800000| Untracked 
| 105|0x0000000709900000, 0x0000000709900000, 0x0000000709a00000|  0%| F|  |TAMS 0x0000000709900000, 0x0000000709900000| Untracked 
| 106|0x0000000709a00000, 0x0000000709a00000, 0x0000000709b00000|  0%| F|  |TAMS 0x0000000709a00000, 0x0000000709a00000| Untracked 
| 107|0x0000000709b00000, 0x0000000709b00000, 0x0000000709c00000|  0%| F|  |TAMS 0x0000000709b00000, 0x0000000709b00000| Untracked 
| 108|0x0000000709c00000, 0x0000000709c00000, 0x0000000709d00000|  0%| F|  |TAMS 0x0000000709c00000, 0x0000000709c00000| Untracked 
| 109|0x0000000709d00000, 0x0000000709d00000, 0x0000000709e00000|  0%| F|  |TAMS 0x0000000709d00000, 0x0000000709d00000| Untracked 
| 110|0x0000000709e00000, 0x0000000709e00000, 0x0000000709f00000|  0%| F|  |TAMS 0x0000000709e00000, 0x0000000709e00000| Untracked 
| 111|0x0000000709f00000, 0x0000000709f00000, 0x000000070a000000|  0%| F|  |TAMS 0x0000000709f00000, 0x0000000709f00000| Untracked 
| 112|0x000000070a000000, 0x000000070a000000, 0x000000070a100000|  0%| F|  |TAMS 0x000000070a000000, 0x000000070a000000| Untracked 
| 113|0x000000070a100000, 0x000000070a100000, 0x000000070a200000|  0%| F|  |TAMS 0x000000070a100000, 0x000000070a100000| Untracked 
| 114|0x000000070a200000, 0x000000070a200000, 0x000000070a300000|  0%| F|  |TAMS 0x000000070a200000, 0x000000070a200000| Untracked 
| 115|0x000000070a300000, 0x000000070a300000, 0x000000070a400000|  0%| F|  |TAMS 0x000000070a300000, 0x000000070a300000| Untracked 
| 116|0x000000070a400000, 0x000000070a400000, 0x000000070a500000|  0%| F|  |TAMS 0x000000070a400000, 0x000000070a400000| Untracked 
| 117|0x000000070a500000, 0x000000070a500000, 0x000000070a600000|  0%| F|  |TAMS 0x000000070a500000, 0x000000070a500000| Untracked 
| 118|0x000000070a600000, 0x000000070a600000, 0x000000070a700000|  0%| F|  |TAMS 0x000000070a600000, 0x000000070a600000| Untracked 
| 119|0x000000070a700000, 0x000000070a700000, 0x000000070a800000|  0%| F|  |TAMS 0x000000070a700000, 0x000000070a700000| Untracked 
| 120|0x000000070a800000, 0x000000070a800000, 0x000000070a900000|  0%| F|  |TAMS 0x000000070a800000, 0x000000070a800000| Untracked 
| 121|0x000000070a900000, 0x000000070a900000, 0x000000070aa00000|  0%| F|  |TAMS 0x000000070a900000, 0x000000070a900000| Untracked 
| 122|0x000000070aa00000, 0x000000070aa00000, 0x000000070ab00000|  0%| F|  |TAMS 0x000000070aa00000, 0x000000070aa00000| Untracked 
| 123|0x000000070ab00000, 0x000000070ab00000, 0x000000070ac00000|  0%| F|  |TAMS 0x000000070ab00000, 0x000000070ab00000| Untracked 
| 124|0x000000070ac00000, 0x000000070ac00000, 0x000000070ad00000|  0%| F|  |TAMS 0x000000070ac00000, 0x000000070ac00000| Untracked 
| 125|0x000000070ad00000, 0x000000070ad00000, 0x000000070ae00000|  0%| F|  |TAMS 0x000000070ad00000, 0x000000070ad00000| Untracked 
| 126|0x000000070ae00000, 0x000000070ae00000, 0x000000070af00000|  0%| F|  |TAMS 0x000000070ae00000, 0x000000070ae00000| Untracked 
| 127|0x000000070af00000, 0x000000070af00000, 0x000000070b000000|  0%| F|  |TAMS 0x000000070af00000, 0x000000070af00000| Untracked 
| 128|0x000000070b000000, 0x000000070b000000, 0x000000070b100000|  0%| F|  |TAMS 0x000000070b000000, 0x000000070b000000| Untracked 
| 129|0x000000070b100000, 0x000000070b100000, 0x000000070b200000|  0%| F|  |TAMS 0x000000070b100000, 0x000000070b100000| Untracked 
| 130|0x000000070b200000, 0x000000070b200000, 0x000000070b300000|  0%| F|  |TAMS 0x000000070b200000, 0x000000070b200000| Untracked 
| 131|0x000000070b300000, 0x000000070b300000, 0x000000070b400000|  0%| F|  |TAMS 0x000000070b300000, 0x000000070b300000| Untracked 
| 132|0x000000070b400000, 0x000000070b400000, 0x000000070b500000|  0%| F|  |TAMS 0x000000070b400000, 0x000000070b400000| Untracked 
| 133|0x000000070b500000, 0x000000070b500000, 0x000000070b600000|  0%| F|  |TAMS 0x000000070b500000, 0x000000070b500000| Untracked 
| 134|0x000000070b600000, 0x000000070b600000, 0x000000070b700000|  0%| F|  |TAMS 0x000000070b600000, 0x000000070b600000| Untracked 
| 135|0x000000070b700000, 0x000000070b700000, 0x000000070b800000|  0%| F|  |TAMS 0x000000070b700000, 0x000000070b700000| Untracked 
| 136|0x000000070b800000, 0x000000070b800000, 0x000000070b900000|  0%| F|  |TAMS 0x000000070b800000, 0x000000070b800000| Untracked 
| 137|0x000000070b900000, 0x000000070b900000, 0x000000070ba00000|  0%| F|  |TAMS 0x000000070b900000, 0x000000070b900000| Untracked 
| 138|0x000000070ba00000, 0x000000070ba00000, 0x000000070bb00000|  0%| F|  |TAMS 0x000000070ba00000, 0x000000070ba00000| Untracked 
| 139|0x000000070bb00000, 0x000000070bb00000, 0x000000070bc00000|  0%| F|  |TAMS 0x000000070bb00000, 0x000000070bb00000| Untracked 
| 140|0x000000070bc00000, 0x000000070bc00000, 0x000000070bd00000|  0%| F|  |TAMS 0x000000070bc00000, 0x000000070bc00000| Untracked 
| 141|0x000000070bd00000, 0x000000070bd00000, 0x000000070be00000|  0%| F|  |TAMS 0x000000070bd00000, 0x000000070bd00000| Untracked 
| 142|0x000000070be00000, 0x000000070be00000, 0x000000070bf00000|  0%| F|  |TAMS 0x000000070be00000, 0x000000070be00000| Untracked 
| 143|0x000000070bf00000, 0x000000070bf00000, 0x000000070c000000|  0%| F|  |TAMS 0x000000070bf00000, 0x000000070bf00000| Untracked 
| 144|0x000000070c000000, 0x000000070c000000, 0x000000070c100000|  0%| F|  |TAMS 0x000000070c000000, 0x000000070c000000| Untracked 
| 145|0x000000070c100000, 0x000000070c100000, 0x000000070c200000|  0%| F|  |TAMS 0x000000070c100000, 0x000000070c100000| Untracked 
| 146|0x000000070c200000, 0x000000070c200000, 0x000000070c300000|  0%| F|  |TAMS 0x000000070c200000, 0x000000070c200000| Untracked 
| 147|0x000000070c300000, 0x000000070c300000, 0x000000070c400000|  0%| F|  |TAMS 0x000000070c300000, 0x000000070c300000| Untracked 
| 148|0x000000070c400000, 0x000000070c400000, 0x000000070c500000|  0%| F|  |TAMS 0x000000070c400000, 0x000000070c400000| Untracked 
| 149|0x000000070c500000, 0x000000070c500000, 0x000000070c600000|  0%| F|  |TAMS 0x000000070c500000, 0x000000070c500000| Untracked 
| 150|0x000000070c600000, 0x000000070c600000, 0x000000070c700000|  0%| F|  |TAMS 0x000000070c600000, 0x000000070c600000| Untracked 
| 151|0x000000070c700000, 0x000000070c700000, 0x000000070c800000|  0%| F|  |TAMS 0x000000070c700000, 0x000000070c700000| Untracked 
| 152|0x000000070c800000, 0x000000070c800000, 0x000000070c900000|  0%| F|  |TAMS 0x000000070c800000, 0x000000070c800000| Untracked 
| 153|0x000000070c900000, 0x000000070c900000, 0x000000070ca00000|  0%| F|  |TAMS 0x000000070c900000, 0x000000070c900000| Untracked 
| 154|0x000000070ca00000, 0x000000070ca00000, 0x000000070cb00000|  0%| F|  |TAMS 0x000000070ca00000, 0x000000070ca00000| Untracked 
| 155|0x000000070cb00000, 0x000000070cb00000, 0x000000070cc00000|  0%| F|  |TAMS 0x000000070cb00000, 0x000000070cb00000| Untracked 
| 156|0x000000070cc00000, 0x000000070cc00000, 0x000000070cd00000|  0%| F|  |TAMS 0x000000070cc00000, 0x000000070cc00000| Untracked 
| 157|0x000000070cd00000, 0x000000070cd00000, 0x000000070ce00000|  0%| F|  |TAMS 0x000000070cd00000, 0x000000070cd00000| Untracked 
| 158|0x000000070ce00000, 0x000000070ce00000, 0x000000070cf00000|  0%| F|  |TAMS 0x000000070ce00000, 0x000000070ce00000| Untracked 
| 159|0x000000070cf00000, 0x000000070cf00000, 0x000000070d000000|  0%| F|  |TAMS 0x000000070cf00000, 0x000000070cf00000| Untracked 
| 160|0x000000070d000000, 0x000000070d000000, 0x000000070d100000|  0%| F|  |TAMS 0x000000070d000000, 0x000000070d000000| Untracked 
| 161|0x000000070d100000, 0x000000070d100000, 0x000000070d200000|  0%| F|  |TAMS 0x000000070d100000, 0x000000070d100000| Untracked 
| 162|0x000000070d200000, 0x000000070d200000, 0x000000070d300000|  0%| F|  |TAMS 0x000000070d200000, 0x000000070d200000| Untracked 
| 163|0x000000070d300000, 0x000000070d300000, 0x000000070d400000|  0%| F|  |TAMS 0x000000070d300000, 0x000000070d300000| Untracked 
| 164|0x000000070d400000, 0x000000070d400000, 0x000000070d500000|  0%| F|  |TAMS 0x000000070d400000, 0x000000070d400000| Untracked 
| 165|0x000000070d500000, 0x000000070d500000, 0x000000070d600000|  0%| F|  |TAMS 0x000000070d500000, 0x000000070d500000| Untracked 
| 166|0x000000070d600000, 0x000000070d600000, 0x000000070d700000|  0%| F|  |TAMS 0x000000070d600000, 0x000000070d600000| Untracked 
| 167|0x000000070d700000, 0x000000070d700000, 0x000000070d800000|  0%| F|  |TAMS 0x000000070d700000, 0x000000070d700000| Untracked 
| 168|0x000000070d800000, 0x000000070d8871c8, 0x000000070d900000| 52%| E|  |TAMS 0x000000070d800000, 0x000000070d800000| Complete 
| 169|0x000000070d900000, 0x000000070da00000, 0x000000070da00000|100%| E|CS|TAMS 0x000000070d900000, 0x000000070d900000| Complete 
| 170|0x000000070da00000, 0x000000070db00000, 0x000000070db00000|100%| E|CS|TAMS 0x000000070da00000, 0x000000070da00000| Complete 
| 171|0x000000070db00000, 0x000000070dc00000, 0x000000070dc00000|100%| E|CS|TAMS 0x000000070db00000, 0x000000070db00000| Complete 
| 172|0x000000070dc00000, 0x000000070dd00000, 0x000000070dd00000|100%| E|CS|TAMS 0x000000070dc00000, 0x000000070dc00000| Complete 
| 173|0x000000070dd00000, 0x000000070de00000, 0x000000070de00000|100%| E|CS|TAMS 0x000000070dd00000, 0x000000070dd00000| Complete 
| 174|0x000000070de00000, 0x000000070df00000, 0x000000070df00000|100%| E|CS|TAMS 0x000000070de00000, 0x000000070de00000| Complete 
| 175|0x000000070df00000, 0x000000070e000000, 0x000000070e000000|100%| E|CS|TAMS 0x000000070df00000, 0x000000070df00000| Complete 
| 176|0x000000070e000000, 0x000000070e100000, 0x000000070e100000|100%| E|CS|TAMS 0x000000070e000000, 0x000000070e000000| Complete 
| 177|0x000000070e100000, 0x000000070e200000, 0x000000070e200000|100%| E|CS|TAMS 0x000000070e100000, 0x000000070e100000| Complete 
| 178|0x000000070e200000, 0x000000070e300000, 0x000000070e300000|100%| E|CS|TAMS 0x000000070e200000, 0x000000070e200000| Complete 
| 179|0x000000070e300000, 0x000000070e400000, 0x000000070e400000|100%| E|CS|TAMS 0x000000070e300000, 0x000000070e300000| Complete 
| 180|0x000000070e400000, 0x000000070e500000, 0x000000070e500000|100%| E|CS|TAMS 0x000000070e400000, 0x000000070e400000| Complete 
| 181|0x000000070e500000, 0x000000070e600000, 0x000000070e600000|100%| E|CS|TAMS 0x000000070e500000, 0x000000070e500000| Complete 
| 182|0x000000070e600000, 0x000000070e700000, 0x000000070e700000|100%| E|CS|TAMS 0x000000070e600000, 0x000000070e600000| Complete 
| 183|0x000000070e700000, 0x000000070e800000, 0x000000070e800000|100%| E|CS|TAMS 0x000000070e700000, 0x000000070e700000| Complete 
| 184|0x000000070e800000, 0x000000070e900000, 0x000000070e900000|100%| E|CS|TAMS 0x000000070e800000, 0x000000070e800000| Complete 
| 185|0x000000070e900000, 0x000000070ea00000, 0x000000070ea00000|100%| E|CS|TAMS 0x000000070e900000, 0x000000070e900000| Complete 
| 186|0x000000070ea00000, 0x000000070eb00000, 0x000000070eb00000|100%| E|CS|TAMS 0x000000070ea00000, 0x000000070ea00000| Complete 
| 187|0x000000070eb00000, 0x000000070ec00000, 0x000000070ec00000|100%| E|CS|TAMS 0x000000070eb00000, 0x000000070eb00000| Complete 
| 188|0x000000070ec00000, 0x000000070ed00000, 0x000000070ed00000|100%| E|CS|TAMS 0x000000070ec00000, 0x000000070ec00000| Complete 
| 189|0x000000070ed00000, 0x000000070ee00000, 0x000000070ee00000|100%| E|CS|TAMS 0x000000070ed00000, 0x000000070ed00000| Complete 
| 190|0x000000070ee00000, 0x000000070ef00000, 0x000000070ef00000|100%| E|CS|TAMS 0x000000070ee00000, 0x000000070ee00000| Complete 
| 191|0x000000070ef00000, 0x000000070f000000, 0x000000070f000000|100%| E|CS|TAMS 0x000000070ef00000, 0x000000070ef00000| Complete 
| 192|0x000000070f000000, 0x000000070f100000, 0x000000070f100000|100%| E|CS|TAMS 0x000000070f000000, 0x000000070f000000| Complete 
| 193|0x000000070f100000, 0x000000070f200000, 0x000000070f200000|100%| E|CS|TAMS 0x000000070f100000, 0x000000070f100000| Complete 
| 194|0x000000070f200000, 0x000000070f300000, 0x000000070f300000|100%| E|CS|TAMS 0x000000070f200000, 0x000000070f200000| Complete 
| 195|0x000000070f300000, 0x000000070f400000, 0x000000070f400000|100%| E|CS|TAMS 0x000000070f300000, 0x000000070f300000| Complete 
| 196|0x000000070f400000, 0x000000070f500000, 0x000000070f500000|100%| E|CS|TAMS 0x000000070f400000, 0x000000070f400000| Complete 
| 197|0x000000070f500000, 0x000000070f600000, 0x000000070f600000|100%| E|CS|TAMS 0x000000070f500000, 0x000000070f500000| Complete 
| 198|0x000000070f600000, 0x000000070f700000, 0x000000070f700000|100%| E|CS|TAMS 0x000000070f600000, 0x000000070f600000| Complete 
| 199|0x000000070f700000, 0x000000070f800000, 0x000000070f800000|100%| E|CS|TAMS 0x000000070f700000, 0x000000070f700000| Complete 
| 200|0x000000070f800000, 0x000000070f900000, 0x000000070f900000|100%| E|CS|TAMS 0x000000070f800000, 0x000000070f800000| Complete 
| 201|0x000000070f900000, 0x000000070fa00000, 0x000000070fa00000|100%| E|CS|TAMS 0x000000070f900000, 0x000000070f900000| Complete 
| 202|0x000000070fa00000, 0x000000070fb00000, 0x000000070fb00000|100%| E|CS|TAMS 0x000000070fa00000, 0x000000070fa00000| Complete 
| 203|0x000000070fb00000, 0x000000070fc00000, 0x000000070fc00000|100%| E|CS|TAMS 0x000000070fb00000, 0x000000070fb00000| Complete 
| 204|0x000000070fc00000, 0x000000070fd00000, 0x000000070fd00000|100%| E|CS|TAMS 0x000000070fc00000, 0x000000070fc00000| Complete 
| 205|0x000000070fd00000, 0x000000070fe00000, 0x000000070fe00000|100%| E|CS|TAMS 0x000000070fd00000, 0x000000070fd00000| Complete 
| 206|0x000000070fe00000, 0x000000070ff00000, 0x000000070ff00000|100%| E|CS|TAMS 0x000000070fe00000, 0x000000070fe00000| Complete 
| 207|0x000000070ff00000, 0x0000000710000000, 0x0000000710000000|100%| E|CS|TAMS 0x000000070ff00000, 0x000000070ff00000| Complete 
| 208|0x0000000710000000, 0x0000000710100000, 0x0000000710100000|100%| E|CS|TAMS 0x0000000710000000, 0x0000000710000000| Complete 
| 209|0x0000000710100000, 0x0000000710200000, 0x0000000710200000|100%| E|CS|TAMS 0x0000000710100000, 0x0000000710100000| Complete 
| 210|0x0000000710200000, 0x0000000710300000, 0x0000000710300000|100%| E|CS|TAMS 0x0000000710200000, 0x0000000710200000| Complete 
| 211|0x0000000710300000, 0x0000000710400000, 0x0000000710400000|100%| E|CS|TAMS 0x0000000710300000, 0x0000000710300000| Complete 
| 212|0x0000000710400000, 0x0000000710500000, 0x0000000710500000|100%| E|CS|TAMS 0x0000000710400000, 0x0000000710400000| Complete 
| 213|0x0000000710500000, 0x0000000710600000, 0x0000000710600000|100%| E|CS|TAMS 0x0000000710500000, 0x0000000710500000| Complete 
| 214|0x0000000710600000, 0x0000000710700000, 0x0000000710700000|100%| E|CS|TAMS 0x0000000710600000, 0x0000000710600000| Complete 
| 215|0x0000000710700000, 0x0000000710800000, 0x0000000710800000|100%| E|CS|TAMS 0x0000000710700000, 0x0000000710700000| Complete 
| 216|0x0000000710800000, 0x0000000710900000, 0x0000000710900000|100%| E|CS|TAMS 0x0000000710800000, 0x0000000710800000| Complete 
| 217|0x0000000710900000, 0x0000000710a00000, 0x0000000710a00000|100%| E|CS|TAMS 0x0000000710900000, 0x0000000710900000| Complete 
| 218|0x0000000710a00000, 0x0000000710b00000, 0x0000000710b00000|100%| E|CS|TAMS 0x0000000710a00000, 0x0000000710a00000| Complete 
| 219|0x0000000710b00000, 0x0000000710c00000, 0x0000000710c00000|100%| E|CS|TAMS 0x0000000710b00000, 0x0000000710b00000| Complete 
| 220|0x0000000710c00000, 0x0000000710d00000, 0x0000000710d00000|100%| E|CS|TAMS 0x0000000710c00000, 0x0000000710c00000| Complete 
| 221|0x0000000710d00000, 0x0000000710e00000, 0x0000000710e00000|100%| E|CS|TAMS 0x0000000710d00000, 0x0000000710d00000| Complete 
| 222|0x0000000710e00000, 0x0000000710f00000, 0x0000000710f00000|100%| E|CS|TAMS 0x0000000710e00000, 0x0000000710e00000| Complete 
| 223|0x0000000710f00000, 0x0000000711000000, 0x0000000711000000|100%| E|CS|TAMS 0x0000000710f00000, 0x0000000710f00000| Complete 
| 224|0x0000000711000000, 0x0000000711100000, 0x0000000711100000|100%| E|CS|TAMS 0x0000000711000000, 0x0000000711000000| Complete 
| 225|0x0000000711100000, 0x0000000711200000, 0x0000000711200000|100%| E|CS|TAMS 0x0000000711100000, 0x0000000711100000| Complete 
| 226|0x0000000711200000, 0x0000000711300000, 0x0000000711300000|100%| E|CS|TAMS 0x0000000711200000, 0x0000000711200000| Complete 
| 227|0x0000000711300000, 0x0000000711400000, 0x0000000711400000|100%| E|CS|TAMS 0x0000000711300000, 0x0000000711300000| Complete 
| 228|0x0000000711400000, 0x0000000711500000, 0x0000000711500000|100%| E|CS|TAMS 0x0000000711400000, 0x0000000711400000| Complete 
| 229|0x0000000711500000, 0x0000000711600000, 0x0000000711600000|100%| E|CS|TAMS 0x0000000711500000, 0x0000000711500000| Complete 
| 230|0x0000000711600000, 0x0000000711700000, 0x0000000711700000|100%| E|CS|TAMS 0x0000000711600000, 0x0000000711600000| Complete 
| 231|0x0000000711700000, 0x0000000711800000, 0x0000000711800000|100%| E|CS|TAMS 0x0000000711700000, 0x0000000711700000| Complete 
| 232|0x0000000711800000, 0x0000000711900000, 0x0000000711900000|100%| E|CS|TAMS 0x0000000711800000, 0x0000000711800000| Complete 
| 233|0x0000000711900000, 0x0000000711a00000, 0x0000000711a00000|100%| E|CS|TAMS 0x0000000711900000, 0x0000000711900000| Complete 
| 234|0x0000000711a00000, 0x0000000711b00000, 0x0000000711b00000|100%| E|CS|TAMS 0x0000000711a00000, 0x0000000711a00000| Complete 
| 235|0x0000000711b00000, 0x0000000711c00000, 0x0000000711c00000|100%| E|CS|TAMS 0x0000000711b00000, 0x0000000711b00000| Complete 
| 236|0x0000000711c00000, 0x0000000711d00000, 0x0000000711d00000|100%| E|CS|TAMS 0x0000000711c00000, 0x0000000711c00000| Complete 
| 237|0x0000000711d00000, 0x0000000711e00000, 0x0000000711e00000|100%| E|CS|TAMS 0x0000000711d00000, 0x0000000711d00000| Complete 
| 238|0x0000000711e00000, 0x0000000711f00000, 0x0000000711f00000|100%| E|CS|TAMS 0x0000000711e00000, 0x0000000711e00000| Complete 
| 239|0x0000000711f00000, 0x0000000712000000, 0x0000000712000000|100%| E|CS|TAMS 0x0000000711f00000, 0x0000000711f00000| Complete 
| 240|0x0000000712000000, 0x0000000712100000, 0x0000000712100000|100%| E|CS|TAMS 0x0000000712000000, 0x0000000712000000| Complete 
| 241|0x0000000712100000, 0x0000000712200000, 0x0000000712200000|100%| E|CS|TAMS 0x0000000712100000, 0x0000000712100000| Complete 
| 242|0x0000000712200000, 0x0000000712300000, 0x0000000712300000|100%| E|CS|TAMS 0x0000000712200000, 0x0000000712200000| Complete 
| 243|0x0000000712300000, 0x0000000712400000, 0x0000000712400000|100%| E|CS|TAMS 0x0000000712300000, 0x0000000712300000| Complete 
| 244|0x0000000712400000, 0x0000000712500000, 0x0000000712500000|100%| E|CS|TAMS 0x0000000712400000, 0x0000000712400000| Complete 
| 245|0x0000000712500000, 0x0000000712600000, 0x0000000712600000|100%| E|CS|TAMS 0x0000000712500000, 0x0000000712500000| Complete 
| 246|0x0000000712600000, 0x0000000712700000, 0x0000000712700000|100%| E|CS|TAMS 0x0000000712600000, 0x0000000712600000| Complete 
| 247|0x0000000712700000, 0x0000000712800000, 0x0000000712800000|100%| E|CS|TAMS 0x0000000712700000, 0x0000000712700000| Complete 
| 248|0x0000000712800000, 0x0000000712900000, 0x0000000712900000|100%| E|CS|TAMS 0x0000000712800000, 0x0000000712800000| Complete 
| 249|0x0000000712900000, 0x0000000712a00000, 0x0000000712a00000|100%| E|CS|TAMS 0x0000000712900000, 0x0000000712900000| Complete 
| 250|0x0000000712a00000, 0x0000000712b00000, 0x0000000712b00000|100%| E|CS|TAMS 0x0000000712a00000, 0x0000000712a00000| Complete 
| 251|0x0000000712b00000, 0x0000000712c00000, 0x0000000712c00000|100%| E|CS|TAMS 0x0000000712b00000, 0x0000000712b00000| Complete 
| 252|0x0000000712c00000, 0x0000000712d00000, 0x0000000712d00000|100%| E|CS|TAMS 0x0000000712c00000, 0x0000000712c00000| Complete 
| 253|0x0000000712d00000, 0x0000000712e00000, 0x0000000712e00000|100%| E|CS|TAMS 0x0000000712d00000, 0x0000000712d00000| Complete 

Card table byte_map: [0x0000023c665e0000,0x0000023c66dd0000] _byte_map_base: 0x0000023c62dc8000

Marking Bits (Prev, Next): (CMBitMap*) 0x0000023c4c754288, (CMBitMap*) 0x0000023c4c7542c0
 Prev Bits: [0x0000023c675c0000, 0x0000023c6b500000)
 Next Bits: [0x0000023c6b500000, 0x0000023c6f440000)

Polling page: 0x0000023c4c580000

Metaspace:

Usage:
  Non-class:     48.86 MB capacity,    48.13 MB ( 99%) used,   594.73 KB (  1%) free+waste,   153.13 KB ( <1%) overhead. 
      Class:      7.13 MB capacity,     6.65 MB ( 93%) used,   423.98 KB (  6%) free+waste,    68.88 KB ( <1%) overhead. 
       Both:     55.99 MB capacity,    54.78 MB ( 98%) used,  1018.71 KB (  2%) free+waste,   222.00 KB ( <1%) overhead. 

Virtual space:
  Non-class space:       50.00 MB reserved,      49.00 MB ( 98%) committed 
      Class space:        1.00 GB reserved,       7.25 MB ( <1%) committed 
             Both:        1.05 GB reserved,      56.25 MB (  5%) committed 

Chunk freelists:
   Non-Class:  1.88 KB
       Class:  0 bytes
        Both:  1.88 KB

CodeHeap 'non-profiled nmethods': size=120000Kb used=2975Kb max_used=2975Kb free=117024Kb
 bounds [0x0000023c5de50000, 0x0000023c5e140000, 0x0000023c65380000]
CodeHeap 'profiled nmethods': size=120000Kb used=11589Kb max_used=11589Kb free=108410Kb
 bounds [0x0000023c56920000, 0x0000023c57480000, 0x0000023c5de50000]
CodeHeap 'non-nmethods': size=5760Kb used=1283Kb max_used=1318Kb free=4476Kb
 bounds [0x0000023c56380000, 0x0000023c565f0000, 0x0000023c56920000]
 total_blobs=5238 nmethods=4685 adapters=471
 compilation: enabled
              stopped_count=0, restarted_count=0
 full_count=0

Compilation events (10 events):
Event: 6.991 Thread 0x0000023c728b2800 4715   !   2       jdk.internal.reflect.GeneratedMethodAccessor15::invoke (63 bytes)
Event: 6.992 Thread 0x0000023c728b2800 nmethod 4715 0x0000023c5746d910 code [0x0000023c5746db80, 0x0000023c5746e2e8]
Event: 6.992 Thread 0x0000023c728b2800 4716       2       org.springframework.core.OrderComparator::getOrder (115 bytes)
Event: 6.993 Thread 0x0000023c728b2800 nmethod 4716 0x0000023c5746e810 code [0x0000023c5746ea00, 0x0000023c5746ed98]
Event: 6.997 Thread 0x0000023c728b2800 4717   !   2       org.springframework.boot.devtools.restart.ClassLoaderFilesResourcePatternResolver::isDeleted (175 bytes)
Event: 7.000 Thread 0x0000023c728b2800 nmethod 4717 0x0000023c5746f090 code [0x0000023c5746f400, 0x0000023c57470278]
Event: 7.007 Thread 0x0000023c728b2800 4718       2       org.springframework.beans.support.ResourceEditorRegistrar::doRegisterEditor (28 bytes)
Event: 7.007 Thread 0x0000023c728b2800 nmethod 4718 0x0000023c57470d10 code [0x0000023c57470ee0, 0x0000023c57471218]
Event: 7.008 Thread 0x0000023c728b2800 4719       2       org.springframework.beans.TypeConverterDelegate::<init> (7 bytes)
Event: 7.008 Thread 0x0000023c728b2800 nmethod 4719 0x0000023c57471390 code [0x0000023c57471520, 0x0000023c57471698]

GC Heap History (10 events):
Event: 1.036 GC heap before
{Heap before GC invocations=0 (full 0):
 garbage-first heap   total 260096K, used 24576K [0x0000000703000000, 0x0000000800000000)
  region size 1024K, 24 young (24576K), 0 survivors (0K)
 Metaspace       used 11244K, capacity 11537K, committed 11648K, reserved 1060864K
  class space    used 1066K, capacity 1144K, committed 1152K, reserved 1048576K
}
Event: 1.041 GC heap after
{Heap after GC invocations=1 (full 0):
 garbage-first heap   total 260096K, used 6927K [0x0000000703000000, 0x0000000800000000)
  region size 1024K, 3 young (3072K), 3 survivors (3072K)
 Metaspace       used 11244K, capacity 11537K, committed 11648K, reserved 1060864K
  class space    used 1066K, capacity 1144K, committed 1152K, reserved 1048576K
}
Event: 1.926 GC heap before
{Heap before GC invocations=1 (full 0):
 garbage-first heap   total 260096K, used 103183K [0x0000000703000000, 0x0000000800000000)
  region size 1024K, 99 young (101376K), 3 survivors (3072K)
 Metaspace       used 20723K, capacity 21166K, committed 21248K, reserved 1069056K
  class space    used 2357K, capacity 2506K, committed 2560K, reserved 1048576K
}
Event: 1.933 GC heap after
{Heap after GC invocations=2 (full 0):
 garbage-first heap   total 260096K, used 9237K [0x0000000703000000, 0x0000000800000000)
  region size 1024K, 6 young (6144K), 6 survivors (6144K)
 Metaspace       used 20723K, capacity 21166K, committed 21248K, reserved 1069056K
  class space    used 2357K, capacity 2506K, committed 2560K, reserved 1048576K
}
Event: 2.970 GC heap before
{Heap before GC invocations=3 (full 0):
 garbage-first heap   total 260096K, used 110613K [0x0000000703000000, 0x0000000800000000)
  region size 1024K, 106 young (108544K), 6 survivors (6144K)
 Metaspace       used 27942K, capacity 28541K, committed 28800K, reserved 1075200K
  class space    used 3196K, capacity 3434K, committed 3456K, reserved 1048576K
}
Event: 2.978 GC heap after
{Heap after GC invocations=4 (full 0):
 garbage-first heap   total 260096K, used 11911K [0x0000000703000000, 0x0000000800000000)
  region size 1024K, 8 young (8192K), 8 survivors (8192K)
 Metaspace       used 27942K, capacity 28541K, committed 28800K, reserved 1075200K
  class space    used 3196K, capacity 3434K, committed 3456K, reserved 1048576K
}
Event: 4.311 GC heap before
{Heap before GC invocations=4 (full 0):
 garbage-first heap   total 260096K, used 79495K [0x0000000703000000, 0x0000000800000000)
  region size 1024K, 75 young (76800K), 8 survivors (8192K)
 Metaspace       used 34932K, capacity 35760K, committed 35840K, reserved 1081344K
  class space    used 4078K, capacity 4404K, committed 4480K, reserved 1048576K
}
Event: 4.323 GC heap after
{Heap after GC invocations=5 (full 0):
 garbage-first heap   total 260096K, used 15021K [0x0000000703000000, 0x0000000800000000)
  region size 1024K, 11 young (11264K), 11 survivors (11264K)
 Metaspace       used 34932K, capacity 35760K, committed 35840K, reserved 1081344K
  class space    used 4078K, capacity 4404K, committed 4480K, reserved 1048576K
}
Event: 5.952 GC heap before
{Heap before GC invocations=6 (full 0):
 garbage-first heap   total 260096K, used 158381K [0x0000000703000000, 0x0000000800000000)
  region size 1024K, 152 young (155648K), 11 survivors (11264K)
 Metaspace       used 44877K, capacity 45896K, committed 46080K, reserved 1089536K
  class space    used 5213K, capacity 5606K, committed 5632K, reserved 1048576K
}
Event: 5.969 GC heap after
{Heap after GC invocations=7 (full 0):
 garbage-first heap   total 260096K, used 18749K [0x0000000703000000, 0x0000000800000000)
  region size 1024K, 12 young (12288K), 12 survivors (12288K)
 Metaspace       used 44877K, capacity 45896K, committed 46080K, reserved 1089536K
  class space    used 5213K, capacity 5606K, committed 5632K, reserved 1048576K
}

Deoptimization events (10 events):
Event: 6.822 Thread 0x0000023c72ac6000 Uncommon trap: reason=class_check action=maybe_recompile pc=0x0000023c5e00229c method=sun.reflect.generics.reflectiveObjects.TypeVariableImpl.hashCode()I @ 4 c2
Event: 6.822 Thread 0x0000023c72ac6000 Uncommon trap: reason=class_check action=maybe_recompile pc=0x0000023c5e00229c method=sun.reflect.generics.reflectiveObjects.TypeVariableImpl.hashCode()I @ 4 c2
Event: 6.822 Thread 0x0000023c72ac6000 Uncommon trap: reason=class_check action=maybe_recompile pc=0x0000023c5e00229c method=sun.reflect.generics.reflectiveObjects.TypeVariableImpl.hashCode()I @ 4 c2
Event: 6.825 Thread 0x0000023c72ac6000 Uncommon trap: reason=unstable_if action=reinterpret pc=0x0000023c5e07d128 method=java.util.concurrent.ConcurrentHashMap.putVal(Ljava/lang/Object;Ljava/lang/Object;Z)Ljava/lang/Object; @ 401 c2
Event: 6.826 Thread 0x0000023c72ac6000 Uncommon trap: reason=class_check action=maybe_recompile pc=0x0000023c5e0d3c6c method=java.util.concurrent.ConcurrentHashMap.get(Ljava/lang/Object;)Ljava/lang/Object; @ 93 c2
Event: 6.826 Thread 0x0000023c72ac6000 Uncommon trap: reason=class_check action=maybe_recompile pc=0x0000023c5e0d3c6c method=java.util.concurrent.ConcurrentHashMap.get(Ljava/lang/Object;)Ljava/lang/Object; @ 93 c2
Event: 6.826 Thread 0x0000023c72ac6000 Uncommon trap: reason=class_check action=maybe_recompile pc=0x0000023c5e0d3c6c method=java.util.concurrent.ConcurrentHashMap.get(Ljava/lang/Object;)Ljava/lang/Object; @ 93 c2
Event: 6.827 Thread 0x0000023c72ac6000 Uncommon trap: reason=class_check action=maybe_recompile pc=0x0000023c5e0d3c6c method=java.util.concurrent.ConcurrentHashMap.get(Ljava/lang/Object;)Ljava/lang/Object; @ 93 c2
Event: 6.831 Thread 0x0000023c72ac6000 Uncommon trap: reason=unstable_if action=reinterpret pc=0x0000023c5df24508 method=java.util.concurrent.ConcurrentHashMap.transfer([Ljava/util/concurrent/ConcurrentHashMap$Node;[Ljava/util/concurrent/ConcurrentHashMap$Node;)V @ 352 c2
Event: 6.953 Thread 0x0000023c79a70800 Uncommon trap: reason=null_check action=make_not_entrant pc=0x0000023c5e0f28b4 method=java.lang.Class.createAnnotationData(I)Ljava/lang/Class$AnnotationData; @ 14 c2

Classes redefined (0 events):
No events

Internal exceptions (10 events):
Event: 6.360 Thread 0x0000023c72ac6000 Exception <a 'java/lang/ClassNotFoundException'{0x0000000710d6b600}: org/springframework/web/servlet/config/annotation/DelegatingWebMvcConfigurationCustomizer> (0x0000000710d6b600) thrown at [./open/src/hotspot/share/classfile/systemDictionary.cpp, line 2
Event: 6.362 Thread 0x0000023c72ac6000 Exception <a 'java/lang/ClassNotFoundException'{0x0000000710d85a28}: org/springframework/boot/autoconfigure/web/servlet/WebMvcAutoConfiguration$EnableWebMvcConfigurationCustomizer> (0x0000000710d85a28) thrown at [./open/src/hotspot/share/classfile/systemD
Event: 6.364 Thread 0x0000023c72ac6000 Exception <a 'java/lang/ClassNotFoundException'{0x0000000710da2390}: org/springframework/context/ResourceLoaderAwareCustomizer> (0x0000000710da2390) thrown at [./open/src/hotspot/share/classfile/systemDictionary.cpp, line 228]
Event: 6.365 Thread 0x0000023c72ac6000 Exception <a 'java/lang/ClassNotFoundException'{0x0000000710db12c0}: org/springframework/beans/factory/AwareCustomizer> (0x0000000710db12c0) thrown at [./open/src/hotspot/share/classfile/systemDictionary.cpp, line 228]
Event: 6.367 Thread 0x0000023c72ac6000 Exception <a 'java/lang/ClassNotFoundException'{0x0000000710dc1088}: org/springframework/context/ApplicationContextAwareCustomizer> (0x0000000710dc1088) thrown at [./open/src/hotspot/share/classfile/systemDictionary.cpp, line 228]
Event: 6.368 Thread 0x0000023c72ac6000 Exception <a 'java/lang/ClassNotFoundException'{0x0000000710c0b678}: org/springframework/beans/factory/AwareCustomizer> (0x0000000710c0b678) thrown at [./open/src/hotspot/share/classfile/systemDictionary.cpp, line 228]
Event: 6.369 Thread 0x0000023c72ac6000 Exception <a 'java/lang/ClassNotFoundException'{0x0000000710c1b458}: org/springframework/web/context/ServletContextAwareCustomizer> (0x0000000710c1b458) thrown at [./open/src/hotspot/share/classfile/systemDictionary.cpp, line 228]
Event: 6.370 Thread 0x0000023c72ac6000 Exception <a 'java/lang/ClassNotFoundException'{0x0000000710c2a7f0}: org/springframework/beans/factory/AwareCustomizer> (0x0000000710c2a7f0) thrown at [./open/src/hotspot/share/classfile/systemDictionary.cpp, line 228]
Event: 6.697 Thread 0x0000023c72ac6000 Exception <a 'java/lang/NoSuchMethodError'{0x000000070f42c158}: java.lang.invoke.DirectMethodHandle$Holder.invokeInterface(Ljava/lang/Object;Ljava/lang/Object;Ljava/lang/Object;Ljava/lang/Object;)Ljava/lang/Object;> (0x000000070f42c158) thrown at [./open/
Event: 6.953 Thread 0x0000023c79a70800 Implicit null exception at 0x0000023c5e0f1d9d to 0x0000023c5e0f28a4

Events (10 events):
Event: 7.011 Thread 0x0000023c79a70800 DEOPT PACKING pc=0x0000023c5e089be8 sp=0x0000007f575fd850
Event: 7.011 Thread 0x0000023c79a70800 DEOPT UNPACKING pc=0x0000023c563bc44e sp=0x0000007f575fcce8 mode 1
Event: 7.011 Thread 0x0000023c79a70800 DEOPT PACKING pc=0x0000023c5dfd00d4 sp=0x0000007f575fe2d0
Event: 7.011 Thread 0x0000023c79a70800 DEOPT UNPACKING pc=0x0000023c563bc44e sp=0x0000007f575fd760 mode 1
Event: 7.011 loading class org/hibernate/jpa/internal/JpaComplianceImpl$JpaComplianceBuilder
Event: 7.011 loading class org/hibernate/jpa/internal/JpaComplianceImpl$JpaComplianceBuilder done
Event: 7.012 loading class org/hibernate/jpa/internal/JpaComplianceImpl
Event: 7.012 loading class org/hibernate/jpa/internal/JpaComplianceImpl done
Event: 7.012 loading class org/hibernate/engine/query/spi/HQLQueryPlan
Event: 7.012 loading class org/hibernate/engine/query/spi/HQLQueryPlan done


Dynamic libraries:
0x00007ff6e04a0000 - 0x00007ff6e04af000 	C:\Program Files\Java\jdk-11.0.10\bin\java.exe
0x00007ffe777b0000 - 0x00007ffe779a5000 	C:\Windows\SYSTEM32\ntdll.dll
0x00007ffe76ca0000 - 0x00007ffe76d5e000 	C:\Windows\System32\KERNEL32.DLL
0x00007ffe750b0000 - 0x00007ffe75379000 	C:\Windows\System32\KERNELBASE.dll
0x00007ffe74ed0000 - 0x00007ffe74fd0000 	C:\Windows\System32\ucrtbase.dll
0x00007ffe6b2a0000 - 0x00007ffe6b2b5000 	C:\Program Files\Java\jdk-11.0.10\bin\VCRUNTIME140.dll
0x00007ffe63ba0000 - 0x00007ffe63bb8000 	C:\Program Files\Java\jdk-11.0.10\bin\jli.dll
0x00007ffe75800000 - 0x00007ffe758ac000 	C:\Windows\System32\ADVAPI32.dll
0x00007ffe76820000 - 0x00007ffe768be000 	C:\Windows\System32\msvcrt.dll
0x00007ffe76ee0000 - 0x00007ffe76f7b000 	C:\Windows\System32\sechost.dll
0x00007ffe759d0000 - 0x00007ffe75afa000 	C:\Windows\System32\RPCRT4.dll
0x00007ffe76600000 - 0x00007ffe767a1000 	C:\Windows\System32\USER32.dll
0x00007ffe757d0000 - 0x00007ffe757f2000 	C:\Windows\System32\win32u.dll
0x00007ffe5efb0000 - 0x00007ffe5f24a000 	C:\Windows\WinSxS\amd64_microsoft.windows.common-controls_6595b64144ccf1df_6.0.19041.1110_none_60b5254171f9507e\COMCTL32.dll
0x00007ffe76d70000 - 0x00007ffe76d9b000 	C:\Windows\System32\GDI32.dll
0x00007ffe75610000 - 0x00007ffe7571b000 	C:\Windows\System32\gdi32full.dll
0x00007ffe75410000 - 0x00007ffe754ad000 	C:\Windows\System32\msvcp_win.dll
0x00007ffe6ab50000 - 0x00007ffe6ab5a000 	C:\Windows\SYSTEM32\VERSION.dll
0x00007ffe76440000 - 0x00007ffe76470000 	C:\Windows\System32\IMM32.DLL
0x00007ffe50720000 - 0x00007ffe507bb000 	C:\Program Files\Java\jdk-11.0.10\bin\msvcp140.dll
0x00007ffe3c200000 - 0x00007ffe3ccfb000 	C:\Program Files\Java\jdk-11.0.10\bin\server\jvm.dll
0x00007ffe76c20000 - 0x00007ffe76c28000 	C:\Windows\System32\PSAPI.DLL
0x00007ffe61d20000 - 0x00007ffe61d47000 	C:\Windows\SYSTEM32\WINMM.dll
0x00007ffe6cbe0000 - 0x00007ffe6cbe9000 	C:\Windows\SYSTEM32\WSOCK32.dll
0x00007ffe76c30000 - 0x00007ffe76c9b000 	C:\Windows\System32\WS2_32.dll
0x00007ffe73980000 - 0x00007ffe73992000 	C:\Windows\SYSTEM32\kernel.appcore.dll
0x00007ffe6e760000 - 0x00007ffe6e770000 	C:\Program Files\Java\jdk-11.0.10\bin\verify.dll
0x00007ffe73440000 - 0x00007ffe73624000 	C:\Windows\SYSTEM32\DBGHELP.DLL
0x00007ffe61100000 - 0x00007ffe6112c000 	C:\Windows\SYSTEM32\dbgcore.DLL
0x00007ffe75380000 - 0x00007ffe75403000 	C:\Windows\System32\bcryptPrimitives.dll
0x00007ffe63b70000 - 0x00007ffe63b98000 	C:\Program Files\Java\jdk-11.0.10\bin\java.dll
0x00007ffe6cb80000 - 0x00007ffe6cb8a000 	C:\Program Files\Java\jdk-11.0.10\bin\jimage.dll
0x00007ffe506e0000 - 0x00007ffe50718000 	C:\Program Files\Java\jdk-11.0.10\bin\jdwp.dll
0x00007ffe59960000 - 0x00007ffe5996e000 	C:\Program Files\Java\jdk-11.0.10\bin\instrument.dll
0x00007ffe59a90000 - 0x00007ffe59aa6000 	C:\Program Files\Java\jdk-11.0.10\bin\zip.dll
0x00007ffe76f80000 - 0x00007ffe776bf000 	C:\Windows\System32\SHELL32.dll
0x00007ffe72be0000 - 0x00007ffe73370000 	C:\Windows\SYSTEM32\windows.storage.dll
0x00007ffe75b00000 - 0x00007ffe75e55000 	C:\Windows\System32\combase.dll
0x00007ffe74920000 - 0x00007ffe7494c000 	C:\Windows\SYSTEM32\Wldp.dll
0x00007ffe76da0000 - 0x00007ffe76e4d000 	C:\Windows\System32\SHCORE.dll
0x00007ffe763e0000 - 0x00007ffe76435000 	C:\Windows\System32\shlwapi.dll
0x00007ffe74e10000 - 0x00007ffe74e2f000 	C:\Windows\SYSTEM32\profapi.dll
0x00007ffe598b0000 - 0x00007ffe598ba000 	C:\Program Files\Java\jdk-11.0.10\bin\dt_socket.dll
0x00007ffe74680000 - 0x00007ffe746ea000 	C:\Windows\system32\mswsock.dll
0x00007ffe59a70000 - 0x00007ffe59a89000 	C:\Program Files\Java\jdk-11.0.10\bin\net.dll
0x00007ffe6c460000 - 0x00007ffe6c568000 	C:\Windows\SYSTEM32\WINHTTP.dll
0x00007ffe598c0000 - 0x00007ffe598d2000 	C:\Program Files\Java\jdk-11.0.10\bin\nio.dll
0x00007ffe59870000 - 0x00007ffe59879000 	C:\Program Files\Java\jdk-11.0.10\bin\management.dll
0x00007ffe55ff0000 - 0x00007ffe55ffb000 	C:\Program Files\Java\jdk-11.0.10\bin\management_ext.dll
0x00007ffe50c50000 - 0x00007ffe50c67000 	C:\Windows\system32\napinsp.dll
0x00007ffe50c30000 - 0x00007ffe50c4b000 	C:\Windows\system32\pnrpnsp.dll
0x00007ffe50c10000 - 0x00007ffe50c25000 	C:\Windows\system32\wshbth.dll
0x00007ffe6cb20000 - 0x00007ffe6cb3d000 	C:\Windows\system32\NLAapi.dll
0x00007ffe74320000 - 0x00007ffe7435b000 	C:\Windows\SYSTEM32\IPHLPAPI.DLL
0x00007ffe74360000 - 0x00007ffe7442c000 	C:\Windows\SYSTEM32\DNSAPI.dll
0x00007ffe76d60000 - 0x00007ffe76d68000 	C:\Windows\System32\NSI.dll
0x00007ffe50bf0000 - 0x00007ffe50c02000 	C:\Windows\System32\winrnr.dll
0x00007ffe6a6d0000 - 0x00007ffe6a6da000 	C:\Windows\System32\rasadhlp.dll
0x00007ffe667c0000 - 0x00007ffe6683f000 	C:\Windows\System32\fwpuclnt.dll
0x00007ffe75020000 - 0x00007ffe75047000 	C:\Windows\System32\bcrypt.dll
0x00007ffe74870000 - 0x00007ffe74888000 	C:\Windows\SYSTEM32\CRYPTSP.dll
0x00007ffe73f60000 - 0x00007ffe73f94000 	C:\Windows\system32\rsaenh.dll
0x00007ffe74dd0000 - 0x00007ffe74dfe000 	C:\Windows\SYSTEM32\USERENV.dll
0x00007ffe74890000 - 0x00007ffe7489c000 	C:\Windows\SYSTEM32\CRYPTBASE.dll
0x00007ffe6ac00000 - 0x00007ffe6ac17000 	C:\Windows\SYSTEM32\dhcpcsvc6.DLL
0x00007ffe69bb0000 - 0x00007ffe69bcd000 	C:\Windows\SYSTEM32\dhcpcsvc.DLL

dbghelp: loaded successfully - version: 4.0.5 - missing functions: none
symbol engine: initialized successfully - sym options: 0x614 - pdb path: .;C:\Program Files\Java\jdk-11.0.10\bin;C:\Windows\SYSTEM32;C:\Windows\WinSxS\amd64_microsoft.windows.common-controls_6595b64144ccf1df_6.0.19041.1110_none_60b5254171f9507e;C:\Program Files\Java\jdk-11.0.10\bin\server

VM Arguments:
jvm_args: -agentlib:jdwp=transport=dt_socket,address=127.0.0.1:56655,suspend=y,server=n -javaagent:C:\Users\opah\AppData\Local\JetBrains\IdeaIC2020.3\captureAgent\debugger-agent.jar -Dfile.encoding=UTF-8 
java_command: com.stoom.StoomApplication
java_class_path (initial): C:\stoom\target\classes;C:\Users\opah\.m2\repository\org\springframework\boot\spring-boot-devtools\2.3.2.RELEASE\spring-boot-devtools-2.3.2.RELEASE.jar;C:\Users\opah\.m2\repository\org\springframework\boot\spring-boot\2.3.2.RELEASE\spring-boot-2.3.2.RELEASE.jar;C:\Users\opah\.m2\repository\org\springframework\spring-context\5.2.8.RELEASE\spring-context-5.2.8.RELEASE.jar;C:\Users\opah\.m2\repository\org\springframework\boot\spring-boot-autoconfigure\2.3.2.RELEASE\spring-boot-autoconfigure-2.3.2.RELEASE.jar;C:\Users\opah\.m2\repository\io\springfox\springfox-swagger2\2.9.2\springfox-swagger2-2.9.2.jar;C:\Users\opah\.m2\repository\io\swagger\swagger-annotations\1.5.20\swagger-annotations-1.5.20.jar;C:\Users\opah\.m2\repository\io\swagger\swagger-models\1.5.20\swagger-models-1.5.20.jar;C:\Users\opah\.m2\repository\com\fasterxml\jackson\core\jackson-annotations\2.11.1\jackson-annotations-2.11.1.jar;C:\Users\opah\.m2\repository\io\springfox\springfox-spi\2.9.2\springfox-spi-2.9.2.jar;C:\Users\opah\.m2\repository\io\springfox\springfox-core\2.9.2\springfox-core-2.9.2.jar;C:\Users\opah\.m2\repository\io\springfox\springfox-schema\2.9.2\springfox-schema-2.9.2.jar;C:\Users\opah\.m2\repository\io\springfox\springfox-swagger-common\2.9.2\springfox-swagger-common-2.9.2.jar;C:\Users\opah\.m2\repository\io\springfox\springfox-spring-web\2.9.2\springfox-spring-web-2.9.2.jar;C:\Users\opah\.m2\repository\com\google\guava\guava\20.0\guava-20.0.jar;C:\Users\opah\.m2\repository\com\fasterxml\classmate\1.5.1\classmate-1.5.1.jar;C:\Users\opah\.m2\repository\org\slf4j\slf4j-api\1.7.30\slf4j-api-1.7.30.jar;C:\Users\opah\.m2\repository\org\springframework\plugin\spring-plugin-core\1.2.0.RELEASE\spring-plugin-core-1.2.0.RELEASE.jar;C:\Users\opah\.m2\repository\org\springframework\spring-beans\5.2.8.RELEASE\spring-beans-5.2.8.RELEASE.jar;C:\Users\opah\.m2\repository\org\springframework\spring-aop\5.2.8.RELEASE\spring-aop-5.2.8.RELEASE.jar;C:\Users\opah\.m2\reposito
Launcher Type: SUN_STANDARD

[Global flags]
     intx CICompilerCount                          = 4                                         {product} {ergonomic}
     uint ConcGCThreads                            = 2                                         {product} {ergonomic}
     uint G1ConcRefinementThreads                  = 8                                         {product} {ergonomic}
   size_t G1HeapRegionSize                         = 1048576                                   {product} {ergonomic}
    uintx GCDrainStackTargetSize                   = 64                                        {product} {ergonomic}
   size_t InitialHeapSize                          = 266338304                                 {product} {ergonomic}
   size_t MarkStackSize                            = 4194304                                   {product} {ergonomic}
   size_t MaxHeapSize                              = 4244635648                                {product} {ergonomic}
   size_t MaxNewSize                               = 2545942528                                {product} {ergonomic}
   size_t MinHeapDeltaBytes                        = 1048576                                   {product} {ergonomic}
    uintx NonNMethodCodeHeapSize                   = 5836300                                {pd product} {ergonomic}
    uintx NonProfiledCodeHeapSize                  = 122910970                              {pd product} {ergonomic}
    uintx ProfiledCodeHeapSize                     = 122910970                              {pd product} {ergonomic}
    uintx ReservedCodeCacheSize                    = 251658240                              {pd product} {ergonomic}
     bool SegmentedCodeCache                       = true                                      {product} {ergonomic}
     bool UseCompressedClassPointers               = true                                 {lp64_product} {ergonomic}
     bool UseCompressedOops                        = true                                 {lp64_product} {ergonomic}
     bool UseG1GC                                  = true                                      {product} {ergonomic}
     bool UseLargePagesIndividualAllocation        = false                                  {pd product} {ergonomic}

Logging:
Log output configuration:
 #0: stdout all=warning uptime,level,tags
 #1: stderr all=off uptime,level,tags

Environment Variables:
JAVA_HOME=C:\Program Files\Java\jdk-11.0.10
PATH=C:\Program Files\Common Files\Oracle\Java\javapath;C:\Windows\system32;C:\Windows;C:\Windows\System32\Wbem;C:\Windows\System32\WindowsPowerShell\v1.0\;C:\Windows\System32\OpenSSH\;C:\Program Files (x86)\NVIDIA Corporation\PhysX\Common;C:\Program Files\Git\cmd;C:\Users\opah\Downloads\apache-maven-3.6.3\bin;;C:\Program Files\PuTTY\;C:\Program Files\Docker\Docker\resources\bin;C:\ProgramData\DockerDesktop\version-bin;C:\Users\opah\AppData\Local\Microsoft\WindowsApps;C:\Users\opah\AppData\Local\Programs\mongosh\
USERNAME=opah
OS=Windows_NT
PROCESSOR_IDENTIFIER=Intel64 Family 6 Model 142 Stepping 12, GenuineIntel



---------------  S Y S T E M  ---------------

OS: Windows 10 , 64 bit Build 19041 (10.0.19041.1202)
Hyper-V role detected

CPU:total 8 (initial active 8) (4 cores per cpu, 2 threads per core) family 6 model 142 stepping 12 microcode 0xd6, cmov, cx8, fxsr, mmx, sse, sse2, sse3, ssse3, sse4.1, sse4.2, popcnt, avx, avx2, aes, clmul, erms, 3dnowpref, lzcnt, ht, tsc, tscinvbit, bmi1, bmi2, adx, fma

Memory: 4k page, system-wide physical 16190M (2711M free)
TotalPageFile size 16190M (AvailPageFile size 3M)
current process WorkingSet (physical memory assigned to process): 446M, peak: 446M
current process commit charge ("private bytes"): 573M, peak: 573M

vm_info: Java HotSpot(TM) 64-Bit Server VM (11.0.10+8-LTS-162) for windows-amd64 JRE (11.0.10+8-LTS-162), built on Dec  8 2020 16:32:57 by "mach5one" with MS VC++ 15.9 (VS2017)

END.
